<?xml version="1.0" encoding="UTF-8"?>
<testsuite name="pickardqa.gui.AppTests" tests="1" skipped="0" failures="0" errors="0" timestamp="2022-12-27T09:05:24" hostname="DESKTOP-8I6I0RA" time="45.864">
  <properties/>
  <testcase name="testOnAndroidEmulator2()" classname="pickardqa.gui.AppTests" time="45.864"/>
  <system-out><![CDATA[]]></system-out>
  <system-err><![CDATA[SLF4J: No SLF4J providers were found.
SLF4J: Defaulting to no-operation (NOP) logger implementation
SLF4J: See https://www.slf4j.org/codes.html#noProviders for further details.
]]></system-err>
</testsuite>
